<?xml version="1.0" encoding="UTF-8"?>
<!-- Generated by org.testng.reporters.JUnitXMLReporter -->
<testsuite hostname="DESKTOP-KAS14N0" ignored="0" name="ApiTest" tests="3" failures="0" timestamp="2021-12-02T02:01:10 IST" time="9.315" errors="0">
  <testcase name="t1_verifyKeysExist" time="2.948" classname="testCase.ApiTest"/>
  <testcase name="t2_keyCreator" time="2.9" classname="testCase.ApiTest"/>
  <testcase name="t3_key_B_Gone" time="0.235" classname="testCase.ApiTest"/>
</testsuite> <!-- ApiTest -->
