<?xml version="1.0" encoding="UTF-8"?>
<!-- Generated by org.testng.reporters.JUnitXMLReporter -->
<testsuite hostname="DESKTOP-KAS14N0" ignored="0" name="ApiTest" tests="3" failures="0" timestamp="2021-12-02T17:38:00 IST" time="4.313" errors="0">
  <testcase name="t1_verifyKeysExist" time="1.261" classname="testCase.ApiTest"/>
  <testcase name="t2_keyCreator" time="1.418" classname="testCase.ApiTest"/>
  <testcase name="t3_deleteKey" time="0.185" classname="testCase.ApiTest"/>
</testsuite> <!-- ApiTest -->
