<?xml version="1.0" encoding="UTF-8"?>
<testng-results skipped="0" failed="1" ignored="0" total="4" passed="3">
  <reporter-output>
  </reporter-output>
  <suite name="mySuite" duration-ms="14942" started-at="2021-12-02T23:45:49 IST" finished-at="2021-12-02T23:46:04 IST">
    <groups>
    </groups>
    <test name="GrafanaTest" duration-ms="14942" started-at="2021-12-02T23:45:49 IST" finished-at="2021-12-02T23:46:04 IST">
      <class name="testCase.WebTest">
        <test-method status="PASS" signature="setUp(java.lang.String, java.lang.String)[pri:0, instance:testCase.WebTest@1e287667]" name="setUp" is-config="true" duration-ms="3720" started-at="2021-12-02T23:45:50 IST" finished-at="2021-12-02T23:45:53 IST">
          <params>
            <param index="0">
              <value>
                <![CDATA[web]]>
              </value>
            </param>
            <param index="1">
              <value>
                <![CDATA[ch]]>
              </value>
            </param>
          </params>
          <reporter-output>
          </reporter-output>
        </test-method> <!-- setUp -->
        <test-method status="PASS" signature="Clear()[pri:0, instance:testCase.WebTest@1e287667]" name="Clear" is-config="true" duration-ms="1" started-at="2021-12-02T23:45:53 IST" finished-at="2021-12-02T23:45:53 IST">
          <reporter-output>
          </reporter-output>
        </test-method> <!-- Clear -->
        <test-method status="PASS" signature="test1_Login()[pri:1, instance:testCase.WebTest@1e287667]" name="test1_Login" duration-ms="1103" started-at="2021-12-02T23:45:53 IST" finished-at="2021-12-02T23:45:55 IST">
          <reporter-output>
          </reporter-output>
        </test-method> <!-- test1_Login -->
        <test-method status="PASS" signature="tearDown()[pri:0, instance:testCase.WebTest@1e287667]" name="tearDown" is-config="true" duration-ms="1" started-at="2021-12-02T23:45:55 IST" finished-at="2021-12-02T23:45:55 IST">
          <reporter-output>
          </reporter-output>
        </test-method> <!-- tearDown -->
        <test-method status="PASS" signature="Clear()[pri:0, instance:testCase.WebTest@1e287667]" name="Clear" is-config="true" duration-ms="0" started-at="2021-12-02T23:45:55 IST" finished-at="2021-12-02T23:45:55 IST">
          <reporter-output>
          </reporter-output>
        </test-method> <!-- Clear -->
        <test-method status="PASS" signature="test2_filter()[pri:2, instance:testCase.WebTest@1e287667]" name="test2_filter" duration-ms="5507" started-at="2021-12-02T23:45:55 IST" depends-on-methods="testCase.WebTest.test1_Login" finished-at="2021-12-02T23:46:00 IST">
          <reporter-output>
          </reporter-output>
        </test-method> <!-- test2_filter -->
        <test-method status="PASS" signature="tearDown()[pri:0, instance:testCase.WebTest@1e287667]" name="tearDown" is-config="true" duration-ms="0" started-at="2021-12-02T23:46:00 IST" finished-at="2021-12-02T23:46:00 IST">
          <reporter-output>
          </reporter-output>
        </test-method> <!-- tearDown -->
        <test-method status="PASS" signature="Clear()[pri:0, instance:testCase.WebTest@1e287667]" name="Clear" is-config="true" duration-ms="1" started-at="2021-12-02T23:46:00 IST" finished-at="2021-12-02T23:46:00 IST">
          <reporter-output>
          </reporter-output>
        </test-method> <!-- Clear -->
        <test-method status="PASS" signature="test3_newUser(java.lang.String, java.lang.String, java.lang.String, java.lang.String)[pri:3, instance:testCase.WebTest@1e287667]" name="test3_newUser" duration-ms="3733" started-at="2021-12-02T23:46:00 IST" data-provider="data-provider" depends-on-methods="testCase.WebTest.test1_Login" finished-at="2021-12-02T23:46:04 IST">
          <params>
            <param index="0">
              <value>
                <![CDATA[aaaa]]>
              </value>
            </param>
            <param index="1">
              <value>
                <![CDATA[michal13951@gmail.com]]>
              </value>
            </param>
            <param index="2">
              <value>
                <![CDATA[bbbbbb]]>
              </value>
            </param>
            <param index="3">
              <value>
                <![CDATA[o888525212]]>
              </value>
            </param>
          </params>
          <reporter-output>
          </reporter-output>
        </test-method> <!-- test3_newUser -->
        <test-method status="PASS" signature="tearDown()[pri:0, instance:testCase.WebTest@1e287667]" name="tearDown" is-config="true" duration-ms="0" started-at="2021-12-02T23:46:04 IST" finished-at="2021-12-02T23:46:04 IST">
          <reporter-output>
          </reporter-output>
        </test-method> <!-- tearDown -->
        <test-method status="PASS" signature="Clear()[pri:0, instance:testCase.WebTest@1e287667]" name="Clear" is-config="true" duration-ms="1" started-at="2021-12-02T23:46:04 IST" finished-at="2021-12-02T23:46:04 IST">
          <reporter-output>
          </reporter-output>
        </test-method> <!-- Clear -->
        <test-method status="FAIL" signature="test4()[pri:4, instance:testCase.WebTest@1e287667]" name="test4" duration-ms="10" started-at="2021-12-02T23:46:04 IST" depends-on-methods="testCase.WebTest.test1_Login" finished-at="2021-12-02T23:46:04 IST">
          <exception class="java.lang.NullPointerException">
            <full-stacktrace>
              <![CDATA[java.lang.NullPointerException
at workflow.WebFlow.Sikuli(WebFlow.java:52)
at testCase.WebTest.test4(WebTest.java:38)
at sun.reflect.NativeMethodAccessorImpl.invoke0(Native Method)
at sun.reflect.NativeMethodAccessorImpl.invoke(NativeMethodAccessorImpl.java:62)
at sun.reflect.DelegatingMethodAccessorImpl.invoke(DelegatingMethodAccessorImpl.java:43)
at java.lang.reflect.Method.invoke(Method.java:498)
at org.testng.internal.MethodInvocationHelper.invokeMethod(MethodInvocationHelper.java:133)
at org.testng.internal.TestInvoker.invokeMethod(TestInvoker.java:584)
at org.testng.internal.TestInvoker.invokeTestMethod(TestInvoker.java:172)
at org.testng.internal.MethodRunner.runInSequence(MethodRunner.java:46)
at org.testng.internal.TestInvoker$MethodInvocationAgent.invoke(TestInvoker.java:804)
at org.testng.internal.TestInvoker.invokeTestMethods(TestInvoker.java:145)
at org.testng.internal.TestMethodWorker.invokeTestMethods(TestMethodWorker.java:146)
at org.testng.internal.TestMethodWorker.run(TestMethodWorker.java:128)
at java.util.ArrayList.forEach(ArrayList.java:1257)
at org.testng.TestRunner.privateRun(TestRunner.java:770)
at org.testng.TestRunner.run(TestRunner.java:591)
at org.testng.SuiteRunner.runTest(SuiteRunner.java:402)
at org.testng.SuiteRunner.runSequentially(SuiteRunner.java:396)
at org.testng.SuiteRunner.privateRun(SuiteRunner.java:355)
at org.testng.SuiteRunner.run(SuiteRunner.java:304)
at org.testng.SuiteRunnerWorker.runSuite(SuiteRunnerWorker.java:53)
at org.testng.SuiteRunnerWorker.run(SuiteRunnerWorker.java:96)
at org.testng.TestNG.runSuitesSequentially(TestNG.java:1180)
at org.testng.TestNG.runSuitesLocally(TestNG.java:1102)
at org.testng.TestNG.runSuites(TestNG.java:1032)
at org.testng.TestNG.run(TestNG.java:1000)
at org.apache.maven.surefire.testng.TestNGExecutor.run(TestNGExecutor.java:283)
at org.apache.maven.surefire.testng.TestNGXmlTestSuite.execute(TestNGXmlTestSuite.java:75)
at org.apache.maven.surefire.testng.TestNGProvider.invoke(TestNGProvider.java:120)
at org.apache.maven.surefire.booter.ForkedBooter.invokeProviderInSameClassLoader(ForkedBooter.java:384)
at org.apache.maven.surefire.booter.ForkedBooter.runSuitesInProcess(ForkedBooter.java:345)
at org.apache.maven.surefire.booter.ForkedBooter.execute(ForkedBooter.java:126)
at org.apache.maven.surefire.booter.ForkedBooter.main(ForkedBooter.java:418)
]]>
            </full-stacktrace>
          </exception> <!-- java.lang.NullPointerException -->
          <reporter-output>
          </reporter-output>
        </test-method> <!-- test4 -->
        <test-method status="PASS" signature="tearDown()[pri:0, instance:testCase.WebTest@1e287667]" name="tearDown" is-config="true" duration-ms="1" started-at="2021-12-02T23:46:04 IST" finished-at="2021-12-02T23:46:04 IST">
          <reporter-output>
          </reporter-output>
        </test-method> <!-- tearDown -->
        <test-method status="PASS" signature="close()[pri:0, instance:testCase.WebTest@1e287667]" name="close" is-config="true" duration-ms="1" started-at="2021-12-02T23:46:04 IST" finished-at="2021-12-02T23:46:04 IST">
          <reporter-output>
          </reporter-output>
        </test-method> <!-- close -->
        <test-method status="PASS" signature="closeBrowser()[pri:0, instance:testCase.WebTest@1e287667]" name="closeBrowser" is-config="true" duration-ms="607" started-at="2021-12-02T23:46:04 IST" finished-at="2021-12-02T23:46:04 IST">
          <reporter-output>
          </reporter-output>
        </test-method> <!-- closeBrowser -->
      </class> <!-- testCase.WebTest -->
    </test> <!-- GrafanaTest -->
  </suite> <!-- mySuite -->
</testng-results>
