<?xml version="1.0" encoding="UTF-8"?>
<testsuite xmlns:xsi="http://www.w3.org/2001/XMLSchema-instance" xsi:noNamespaceSchemaLocation="https://maven.apache.org/surefire/maven-surefire-plugin/xsd/surefire-test-report.xsd" name="TestSuite" time="16.501" tests="4" errors="0" skipped="0" failures="1">
  <properties>
[...]
</properties>
  <testcase name="test1_Login" classname="testCase.WebTest" time="1.071"/>
  <testcase name="test2_filter" classname="testCase.WebTest" time="5.508"/>
  <testcase name="test3_newUser" classname="testCase.WebTest" time="3.734"/>
  <testcase name="test4" classname="testCase.WebTest" time="0.018">
    <failure type="java.lang.NullPointerException">java.lang.NullPointerException
	at testCase.WebTest.test4(WebTest.java:38)
</failure>
  </testcase>
</testsuite>