<?xml version="1.0" encoding="UTF-8"?>
<testng-results skipped="0" failed="0" ignored="0" total="1" passed="1">
  <reporter-output>
  </reporter-output>
  <suite name="mySuite" duration-ms="4297" started-at="2021-12-01T14:48:28 IST" finished-at="2021-12-01T14:48:32 IST">
    <groups>
    </groups>
    <test name="DBTest" duration-ms="4297" started-at="2021-12-01T14:48:28 IST" finished-at="2021-12-01T14:48:32 IST">
      <class name="testCase.DBTest">
        <test-method status="PASS" signature="setUp(java.lang.String, java.lang.String)[pri:0, instance:testCase.DBTest@62577d6]" name="setUp" is-config="true" duration-ms="3046" started-at="2021-12-01T14:48:28 IST" finished-at="2021-12-01T14:48:31 IST">
          <params>
            <param index="0">
              <value>
                <![CDATA[DB]]>
              </value>
            </param>
            <param index="1">
              <value>
                <![CDATA[]]>
              </value>
            </param>
          </params>
          <reporter-output>
          </reporter-output>
        </test-method> <!-- setUp -->
        <test-method status="PASS" signature="t1_checkCell()[pri:0, instance:testCase.DBTest@62577d6]" name="t1_checkCell" duration-ms="669" started-at="2021-12-01T14:48:31 IST" description="checks data in cell" finished-at="2021-12-01T14:48:32 IST">
          <reporter-output>
          </reporter-output>
        </test-method> <!-- t1_checkCell -->
        <test-method status="PASS" signature="tearDown()[pri:0, instance:testCase.DBTest@62577d6]" name="tearDown" is-config="true" duration-ms="3" started-at="2021-12-01T14:48:32 IST" finished-at="2021-12-01T14:48:32 IST">
          <reporter-output>
          </reporter-output>
        </test-method> <!-- tearDown -->
        <test-method status="PASS" signature="closeBrowser()[pri:0, instance:testCase.DBTest@62577d6]" name="closeBrowser" is-config="true" duration-ms="0" started-at="2021-12-01T14:48:32 IST" finished-at="2021-12-01T14:48:32 IST">
          <reporter-output>
          </reporter-output>
        </test-method> <!-- closeBrowser -->
      </class> <!-- testCase.DBTest -->
    </test> <!-- DBTest -->
  </suite> <!-- mySuite -->
</testng-results>
