-------------------------------------------------------------------------------
Test set: TestSuite
-------------------------------------------------------------------------------
Tests run: 4, Failures: 1, Errors: 0, Skipped: 0, Time elapsed: 16.501 s <<< FAILURE! - in TestSuite
test4(testCase.WebTest)  Time elapsed: 0.018 s  <<< FAILURE!
java.lang.NullPointerException
	at testCase.WebTest.test4(WebTest.java:38)

